[    1030ms] [ERROR] Failed to load resource: the server responded with a status of 500 (Internal Server Error) @ http://localhost:3002/inventory/warehouse:0
[    1858ms] [INFO] %cDownload the React DevTools for a better development experience: https://react.dev/link/react-devtools font-weight:bold @ http://localhost:3002/_next/static/chunks/node_modules_next_dist_1ybzpk2._.js:2477
[    2126ms] [LOG] [HMR] connected @ http://localhost:3002/_next/static/chunks/node_modules_next_dist_1ybzpk2._.js:2477
[    2585ms] ReferenceError: Package is not defined
    at module evaluation (http://localhost:3002/_next/static/chunks/src_16eerh4._.js:1009:15)
    at http://localhost:3002/_next/static/chunks/turbopack-_01_ro95._.js:1307:27
    at runModuleExecutionHooks (http://localhost:3002/_next/static/chunks/turbopack-_01_ro95._.js:1636:13)
    at instantiateModuleShared (http://localhost:3002/_next/static/chunks/turbopack-_01_ro95._.js:1305:9)
    at instantiateModule (http://localhost:3002/_next/static/chunks/turbopack-_01_ro95._.js:1621:12)
    at getOrInstantiateModuleFromParent (http://localhost:3002/_next/static/chunks/turbopack-_01_ro95._.js:1604:12)
    at DevContext.commonJsRequire [as r] (http://localhost:3002/_next/static/chunks/turbopack-_01_ro95._.js:299:12)
    at requireModule (http://localhost:3002/_next/static/chunks/node_modules_next_dist_compiled_react-server-dom-turbopack_164kp-6._.js:95:84)
    at initializeModuleChunk (http://localhost:3002/_next/static/chunks/node_modules_next_dist_compiled_react-server-dom-turbopack_164kp-6._.js:1110:25)
    at resolveModuleChunk (http://localhost:3002/_next/static/chunks/node_modules_next_dist_compiled_react-server-dom-turbopack_164kp-6._.js:1030:43)
    at http://localhost:3002/_next/static/chunks/node_modules_next_dist_compiled_react-server-dom-turbopack_164kp-6._.js:1758:24
[    2584ms] [LOG] [Fast Refresh] rebuilding @ http://localhost:3002/_next/static/chunks/node_modules_next_dist_1ybzpk2._.js:2477
[    2613ms] [LOG] [Fast Refresh] done in 188ms @ http://localhost:3002/_next/static/chunks/node_modules_next_dist_1ybzpk2._.js:2477
[   20006ms] [LOG] [Fast Refresh] rebuilding @ http://localhost:3002/_next/static/chunks/node_modules_next_dist_1ybzpk2._.js:2477
[   20124ms] [LOG] [Fast Refresh] done in 229ms @ http://localhost:3002/_next/static/chunks/node_modules_next_dist_1ybzpk2._.js:2477
[   41679ms] [LOG] [Fast Refresh] rebuilding @ http://localhost:3002/_next/static/chunks/node_modules_next_dist_1ybzpk2._.js:2477
[   41881ms] [WARNING] [Fast Refresh] performing full reload

Fast Refresh will perform a full reload when you edit a file that's imported by modules outside of the React rendering tree.
You might have a file which exports a React component but also exports a value that is imported by a non-React component file.
Consider migrating the non-React component export to a separate file and importing it into both files.

It is also possible the parent component of the component you edited is a class component, which disables Fast Refresh.
Fast Refresh requires at least one parent function component in your React tree. @ http://localhost:3002/_next/static/chunks/node_modules_next_dist_1ybzpk2._.js:2477
[   41893ms] [WARNING] [Fast Refresh] performing full reload because your application had an unrecoverable error @ http://localhost:3002/_next/static/chunks/node_modules_next_dist_1ybzpk2._.js:2477
[   41896ms] [LOG] [Fast Refresh] done in 305ms @ http://localhost:3002/_next/static/chunks/node_modules_next_dist_1ybzpk2._.js:2477
[   42013ms] [LOG] [Fast Refresh] rebuilding @ http://localhost:3002/_next/static/chunks/node_modules_next_dist_1ybzpk2._.js:2477
[   42597ms] [LOG] [Fast Refresh] done in 687ms @ http://localhost:3002/_next/static/chunks/node_modules_next_dist_1ybzpk2._.js:2477
[   42728ms] [LOG] [Fast Refresh] rebuilding @ http://localhost:3002/_next/static/chunks/node_modules_next_dist_1ybzpk2._.js:2477
[   42926ms] [LOG] [Fast Refresh] done in 302ms @ http://localhost:3002/_next/static/chunks/node_modules_next_dist_1ybzpk2._.js:2477
[   43623ms] [INFO] %cDownload the React DevTools for a better development experience: https://react.dev/link/react-devtools font-weight:bold @ http://localhost:3002/_next/static/chunks/node_modules_next_dist_1ybzpk2._.js:2477
[   43761ms] [LOG] [HMR] connected @ http://localhost:3002/_next/static/chunks/node_modules_next_dist_1ybzpk2._.js:2477
